This is pdfTeX, Version 3.141592653-2.6-1.40.24 (TeX Live 2022) (preloaded format=pdflatex 2022.9.6)  15 NOV 2023 14:42
entering extended mode
 restricted \write18 enabled.
 file:line:error style messages enabled.
 %&-line parsing enabled.
**/Users/kevin_smith/Desktop/FSU_Relevant_Stuff/fall_2023/FCM1/homework/programming/hw3/report/report.tex
(/Users/kevin_smith/Desktop/FSU_Relevant_Stuff/fall_2023/FCM1/homework/programming/hw3/report/report.tex
LaTeX2e <2021-11-15> patch level 1
L3 programming layer <2022-02-24> (/usr/local/texlive/2022/texmf-dist/tex/latex/base/article.cls
Document Class: article 2021/10/04 v1.4n Standard LaTeX document class
(/usr/local/texlive/2022/texmf-dist/tex/latex/base/size12.clo
File: size12.clo 2021/10/04 v1.4n Standard LaTeX file (size option)
)
\c@part=\count185
\c@section=\count186
\c@subsection=\count187
\c@subsubsection=\count188
\c@paragraph=\count189
\c@subparagraph=\count190
\c@figure=\count191
\c@table=\count192
\abovecaptionskip=\skip47
\belowcaptionskip=\skip48
\bibindent=\dimen138
) (/usr/local/texlive/2022/texmf-dist/tex/latex/graphics/graphicx.sty
Package: graphicx 2021/09/16 v1.2d Enhanced LaTeX Graphics (DPC,SPQR)
 (/usr/local/texlive/2022/texmf-dist/tex/latex/graphics/keyval.sty
Package: keyval 2014/10/28 v1.15 key=value parser (DPC)
\KV@toks@=\toks16
) (/usr/local/texlive/2022/texmf-dist/tex/latex/graphics/graphics.sty
Package: graphics 2021/03/04 v1.4d Standard LaTeX Graphics (DPC,SPQR)
 (/usr/local/texlive/2022/texmf-dist/tex/latex/graphics/trig.sty
Package: trig 2021/08/11 v1.11 sin cos tan (DPC)
) (/usr/local/texlive/2022/texmf-dist/tex/latex/graphics-cfg/graphics.cfg
File: graphics.cfg 2016/06/04 v1.11 sample graphics configuration
)
Package graphics Info: Driver file: pdftex.def on input line 107.
 (/usr/local/texlive/2022/texmf-dist/tex/latex/graphics-def/pdftex.def
File: pdftex.def 2020/10/05 v1.2a Graphics/color driver for pdftex
))
\Gin@req@height=\dimen139
\Gin@req@width=\dimen140
) (/usr/local/texlive/2022/texmf-dist/tex/latex/amsmath/amsmath.sty
Package: amsmath 2021/10/15 v2.17l AMS math features
\@mathmargin=\skip49

For additional information on amsmath, use the `?' option.
(/usr/local/texlive/2022/texmf-dist/tex/latex/amsmath/amstext.sty
Package: amstext 2021/08/26 v2.01 AMS text
 (/usr/local/texlive/2022/texmf-dist/tex/latex/amsmath/amsgen.sty
File: amsgen.sty 1999/11/30 v2.0 generic functions
\@emptytoks=\toks17
\ex@=\dimen141
)) (/usr/local/texlive/2022/texmf-dist/tex/latex/amsmath/amsbsy.sty
Package: amsbsy 1999/11/29 v1.2d Bold Symbols
\pmbraise@=\dimen142
) (/usr/local/texlive/2022/texmf-dist/tex/latex/amsmath/amsopn.sty
Package: amsopn 2021/08/26 v2.02 operator names
)
\inf@bad=\count193
LaTeX Info: Redefining \frac on input line 234.
\uproot@=\count194
\leftroot@=\count195
LaTeX Info: Redefining \overline on input line 399.
\classnum@=\count196
\DOTSCASE@=\count197
LaTeX Info: Redefining \ldots on input line 496.
LaTeX Info: Redefining \dots on input line 499.
LaTeX Info: Redefining \cdots on input line 620.
\Mathstrutbox@=\box50
\strutbox@=\box51
\big@size=\dimen143
LaTeX Font Info:    Redeclaring font encoding OML on input line 743.
LaTeX Font Info:    Redeclaring font encoding OMS on input line 744.
\macc@depth=\count198
\c@MaxMatrixCols=\count199
\dotsspace@=\muskip16
\c@parentequation=\count266
\dspbrk@lvl=\count267
\tag@help=\toks18
\row@=\count268
\column@=\count269
\maxfields@=\count270
\andhelp@=\toks19
\eqnshift@=\dimen144
\alignsep@=\dimen145
\tagshift@=\dimen146
\tagwidth@=\dimen147
\totwidth@=\dimen148
\lineht@=\dimen149
\@envbody=\toks20
\multlinegap=\skip50
\multlinetaggap=\skip51
\mathdisplay@stack=\toks21
LaTeX Info: Redefining \[ on input line 2938.
LaTeX Info: Redefining \] on input line 2939.
) (/usr/local/texlive/2022/texmf-dist/tex/latex/amsfonts/amsfonts.sty
Package: amsfonts 2013/01/14 v3.01 Basic AMSFonts support
\symAMSa=\mathgroup4
\symAMSb=\mathgroup5
LaTeX Font Info:    Redeclaring math symbol \hbar on input line 98.
LaTeX Font Info:    Overwriting math alphabet `\mathfrak' in version `bold'
(Font)                  U/euf/m/n --> U/euf/b/n on input line 106.
) (/usr/local/texlive/2022/texmf-dist/tex/latex/pgf/utilities/pgffor.sty (/usr/local/texlive/2022/texmf-dist/tex/latex/pgf/utilities/pgfrcs.sty (/usr/local/texlive/2022/texmf-dist/tex/generic/pgf/utilities/pgfutil-common.tex
\pgfutil@everybye=\toks22
\pgfutil@tempdima=\dimen150
\pgfutil@tempdimb=\dimen151
 (/usr/local/texlive/2022/texmf-dist/tex/generic/pgf/utilities/pgfutil-common-lists.tex)) (/usr/local/texlive/2022/texmf-dist/tex/generic/pgf/utilities/pgfutil-latex.def
\pgfutil@abb=\box52
) (/usr/local/texlive/2022/texmf-dist/tex/generic/pgf/utilities/pgfrcs.code.tex (/usr/local/texlive/2022/texmf-dist/tex/generic/pgf/pgf.revision.tex)
Package: pgfrcs 2021/05/15 v3.1.9a (3.1.9a)
)) (/usr/local/texlive/2022/texmf-dist/tex/latex/pgf/utilities/pgfkeys.sty (/usr/local/texlive/2022/texmf-dist/tex/generic/pgf/utilities/pgfkeys.code.tex
\pgfkeys@pathtoks=\toks23
\pgfkeys@temptoks=\toks24
 (/usr/local/texlive/2022/texmf-dist/tex/generic/pgf/utilities/pgfkeysfiltered.code.tex
\pgfkeys@tmptoks=\toks25
))) (/usr/local/texlive/2022/texmf-dist/tex/latex/pgf/math/pgfmath.sty (/usr/local/texlive/2022/texmf-dist/tex/generic/pgf/math/pgfmath.code.tex (/usr/local/texlive/2022/texmf-dist/tex/generic/pgf/math/pgfmathcalc.code.tex (/usr/local/texlive/2022/texmf-dist/tex/generic/pgf/math/pgfmathutil.code.tex
\pgf@x=\dimen152
\pgf@xa=\dimen153
\pgf@xb=\dimen154
\pgf@xc=\dimen155
\pgf@y=\dimen156
\pgf@ya=\dimen157
\pgf@yb=\dimen158
\pgf@yc=\dimen159
\c@pgf@counta=\count271
\c@pgf@countb=\count272
\c@pgf@countc=\count273
\c@pgf@countd=\count274
) (/usr/local/texlive/2022/texmf-dist/tex/generic/pgf/math/pgfmathparser.code.tex
\pgfmath@dimen=\dimen160
\pgfmath@count=\count275
\pgfmath@box=\box53
\pgfmath@toks=\toks26
\pgfmath@stack@operand=\toks27
\pgfmath@stack@operation=\toks28
) (/usr/local/texlive/2022/texmf-dist/tex/generic/pgf/math/pgfmathfunctions.code.tex (/usr/local/texlive/2022/texmf-dist/tex/generic/pgf/math/pgfmathfunctions.basic.code.tex) (/usr/local/texlive/2022/texmf-dist/tex/generic/pgf/math/pgfmathfunctions.trigonometric.code.tex) (/usr/local/texlive/2022/texmf-dist/tex/generic/pgf/math/pgfmathfunctions.random.code.tex) (/usr/local/texlive/2022/texmf-dist/tex/generic/pgf/math/pgfmathfunctions.comparison.code.tex) (/usr/local/texlive/2022/texmf-dist/tex/generic/pgf/math/pgfmathfunctions.base.code.tex) (/usr/local/texlive/2022/texmf-dist/tex/generic/pgf/math/pgfmathfunctions.round.code.tex) (/usr/local/texlive/2022/texmf-dist/tex/generic/pgf/math/pgfmathfunctions.misc.code.tex) (/usr/local/texlive/2022/texmf-dist/tex/generic/pgf/math/pgfmathfunctions.integerarithmetics.code.tex))) (/usr/local/texlive/2022/texmf-dist/tex/generic/pgf/math/pgfmathfloat.code.tex
\c@pgfmathroundto@lastzeros=\count276
))) (/usr/local/texlive/2022/texmf-dist/tex/generic/pgf/utilities/pgffor.code.tex
Package: pgffor 2021/05/15 v3.1.9a (3.1.9a)
 (/usr/local/texlive/2022/texmf-dist/tex/generic/pgf/math/pgfmath.code.tex)
\pgffor@iter=\dimen161
\pgffor@skip=\dimen162
\pgffor@stack=\toks29
\pgffor@toks=\toks30
)) (/usr/local/texlive/2022/texmf-dist/tex/latex/caption/subcaption.sty
Package: subcaption 2022/01/07 v1.5 Sub-captions (AR)
 (/usr/local/texlive/2022/texmf-dist/tex/latex/caption/caption.sty
Package: caption 2022/03/01 v3.6b Customizing captions (AR)
 (/usr/local/texlive/2022/texmf-dist/tex/latex/caption/caption3.sty
Package: caption3 2022/03/17 v2.3b caption3 kernel (AR)
\caption@tempdima=\dimen163
\captionmargin=\dimen164
\caption@leftmargin=\dimen165
\caption@rightmargin=\dimen166
\caption@width=\dimen167
\caption@indent=\dimen168
\caption@parindent=\dimen169
\caption@hangindent=\dimen170
Package caption Info: Standard document class detected.
)
\c@caption@flags=\count277
\c@continuedfloat=\count278
)
\c@subfigure=\count279
\c@subtable=\count280
) (/usr/local/texlive/2022/texmf-dist/tex/latex/l3backend/l3backend-pdftex.def
File: l3backend-pdftex.def 2022-02-07 L3 backend support: PDF output (pdfTeX)
\l__color_backend_stack_int=\count281
\l__pdf_internal_box=\box54
) (./report.aux

LaTeX Warning: Label `tab:yourtable' multiply defined.


LaTeX Warning: Label `fig:image1' multiply defined.


LaTeX Warning: Label `sub@fig:image1' multiply defined.


LaTeX Warning: Label `fig:image2' multiply defined.


LaTeX Warning: Label `sub@fig:image2' multiply defined.


LaTeX Warning: Label `fig:image3' multiply defined.


LaTeX Warning: Label `sub@fig:image3' multiply defined.


LaTeX Warning: Label `fig:image4' multiply defined.


LaTeX Warning: Label `sub@fig:image4' multiply defined.


LaTeX Warning: Label `fig:image5' multiply defined.


LaTeX Warning: Label `sub@fig:image5' multiply defined.


LaTeX Warning: Label `fig:image6' multiply defined.


LaTeX Warning: Label `sub@fig:image6' multiply defined.

)
\openout1 = `report.aux'.

LaTeX Font Info:    Checking defaults for OML/cmm/m/it on input line 11.
LaTeX Font Info:    ... okay on input line 11.
LaTeX Font Info:    Checking defaults for OMS/cmsy/m/n on input line 11.
LaTeX Font Info:    ... okay on input line 11.
LaTeX Font Info:    Checking defaults for OT1/cmr/m/n on input line 11.
LaTeX Font Info:    ... okay on input line 11.
LaTeX Font Info:    Checking defaults for T1/cmr/m/n on input line 11.
LaTeX Font Info:    ... okay on input line 11.
LaTeX Font Info:    Checking defaults for TS1/cmr/m/n on input line 11.
LaTeX Font Info:    ... okay on input line 11.
LaTeX Font Info:    Checking defaults for OMX/cmex/m/n on input line 11.
LaTeX Font Info:    ... okay on input line 11.
LaTeX Font Info:    Checking defaults for U/cmr/m/n on input line 11.
LaTeX Font Info:    ... okay on input line 11.
 (/usr/local/texlive/2022/texmf-dist/tex/context/base/mkii/supp-pdf.mkii
[Loading MPS to PDF converter (version 2006.09.02).]
\scratchcounter=\count282
\scratchdimen=\dimen171
\scratchbox=\box55
\nofMPsegments=\count283
\nofMParguments=\count284
\everyMPshowfont=\toks31
\MPscratchCnt=\count285
\MPscratchDim=\dimen172
\MPnumerator=\count286
\makeMPintoPDFobject=\count287
\everyMPtoPDFconversion=\toks32
) (/usr/local/texlive/2022/texmf-dist/tex/latex/epstopdf-pkg/epstopdf-base.sty
Package: epstopdf-base 2020-01-24 v2.11 Base part for package epstopdf
Package epstopdf-base Info: Redefining graphics rule for `.eps' on input line 485.
 (/usr/local/texlive/2022/texmf-dist/tex/latex/latexconfig/epstopdf-sys.cfg
File: epstopdf-sys.cfg 2010/07/13 v1.3 Configuration of (r)epstopdf for TeX Live
))
Package caption Info: Begin \AtBeginDocument code.
Package caption Info: End \AtBeginDocument code.
LaTeX Font Info:    Trying to load font information for U+msa on input line 12.
 (/usr/local/texlive/2022/texmf-dist/tex/latex/amsfonts/umsa.fd
File: umsa.fd 2013/01/14 v3.01 AMS symbols A
)
LaTeX Font Info:    Trying to load font information for U+msb on input line 12.
 (/usr/local/texlive/2022/texmf-dist/tex/latex/amsfonts/umsb.fd
File: umsb.fd 2013/01/14 v3.01 AMS symbols B
) [1

{/usr/local/texlive/2022/texmf-var/fonts/map/pdftex/updmap/pdftex.map}] [2] [3]
Overfull \hbox (61.4779pt too wide) detected at line 122
[][]
 []


Overfull \hbox (61.4779pt too wide) detected at line 130
[][]
 []

[4]
Overfull \hbox (55.60297pt too wide) detected at line 140
[][]
 []


Overfull \hbox (61.4779pt too wide) detected at line 148
[][]
 []


Overfull \hbox (61.4779pt too wide) detected at line 158
[][]
 []


Overfull \hbox (61.4779pt too wide) detected at line 166
[][]
 []


Overfull \hbox (4.06581pt too wide) in paragraph at lines 171--171
[]\OT1/cmr/bx/n/17.28 Description of the Ex-per-i-men-tal De-sign and
 []

[5]
Overfull \hbox (2.27937pt too wide) in paragraph at lines 185--186
\OT1/cmr/m/n/12 The con-sis-tent con-ver-gence be-hav-ior of the Con-ju-gate Gra-di-ent (CG) method,
 []

[6] [7] [8]

Package caption Warning: \captionsetup{type*=...} or \captionof
(caption)                outside box or environment on input line 293.
See the caption package documentation for explanation.

</Users/kevin_smith/Desktop/FSU_Relevant_Stuff/fall_2023/FCM1/homework/programming/hw3/figures/n20/image1.png, id=37, 462.528pt x 346.896pt>
File: /Users/kevin_smith/Desktop/FSU_Relevant_Stuff/fall_2023/FCM1/homework/programming/hw3/figures/n20/image1.png Graphic file (type png)
<use /Users/kevin_smith/Desktop/FSU_Relevant_Stuff/fall_2023/FCM1/homework/programming/hw3/figures/n20/image1.png>
Package pdftex.def Info: /Users/kevin_smith/Desktop/FSU_Relevant_Stuff/fall_2023/FCM1/homework/programming/hw3/figures/n20/image1.png  used on input line 305.
(pdftex.def)             Requested size: 175.49881pt x 131.62599pt.
</Users/kevin_smith/Desktop/FSU_Relevant_Stuff/fall_2023/FCM1/homework/programming/hw3/figures/n20/image2.png, id=39, 462.528pt x 346.896pt>
File: /Users/kevin_smith/Desktop/FSU_Relevant_Stuff/fall_2023/FCM1/homework/programming/hw3/figures/n20/image2.png Graphic file (type png)
<use /Users/kevin_smith/Desktop/FSU_Relevant_Stuff/fall_2023/FCM1/homework/programming/hw3/figures/n20/image2.png>
Package pdftex.def Info: /Users/kevin_smith/Desktop/FSU_Relevant_Stuff/fall_2023/FCM1/homework/programming/hw3/figures/n20/image2.png  used on input line 305.
(pdftex.def)             Requested size: 175.49881pt x 131.62599pt.
</Users/kevin_smith/Desktop/FSU_Relevant_Stuff/fall_2023/FCM1/homework/programming/hw3/figures/n20/image3.png, id=40, 462.528pt x 346.896pt>
File: /Users/kevin_smith/Desktop/FSU_Relevant_Stuff/fall_2023/FCM1/homework/programming/hw3/figures/n20/image3.png Graphic file (type png)
<use /Users/kevin_smith/Desktop/FSU_Relevant_Stuff/fall_2023/FCM1/homework/programming/hw3/figures/n20/image3.png>
Package pdftex.def Info: /Users/kevin_smith/Desktop/FSU_Relevant_Stuff/fall_2023/FCM1/homework/programming/hw3/figures/n20/image3.png  used on input line 305.
(pdftex.def)             Requested size: 175.49881pt x 131.62599pt.
</Users/kevin_smith/Desktop/FSU_Relevant_Stuff/fall_2023/FCM1/homework/programming/hw3/figures/n20/image4.png, id=41, 462.528pt x 346.896pt>
File: /Users/kevin_smith/Desktop/FSU_Relevant_Stuff/fall_2023/FCM1/homework/programming/hw3/figures/n20/image4.png Graphic file (type png)
<use /Users/kevin_smith/Desktop/FSU_Relevant_Stuff/fall_2023/FCM1/homework/programming/hw3/figures/n20/image4.png>
Package pdftex.def Info: /Users/kevin_smith/Desktop/FSU_Relevant_Stuff/fall_2023/FCM1/homework/programming/hw3/figures/n20/image4.png  used on input line 305.
(pdftex.def)             Requested size: 175.49881pt x 131.62599pt.
</Users/kevin_smith/Desktop/FSU_Relevant_Stuff/fall_2023/FCM1/homework/programming/hw3/figures/n20/image5.png, id=42, 462.528pt x 346.896pt>
File: /Users/kevin_smith/Desktop/FSU_Relevant_Stuff/fall_2023/FCM1/homework/programming/hw3/figures/n20/image5.png Graphic file (type png)
<use /Users/kevin_smith/Desktop/FSU_Relevant_Stuff/fall_2023/FCM1/homework/programming/hw3/figures/n20/image5.png>
Package pdftex.def Info: /Users/kevin_smith/Desktop/FSU_Relevant_Stuff/fall_2023/FCM1/homework/programming/hw3/figures/n20/image5.png  used on input line 305.
(pdftex.def)             Requested size: 175.49881pt x 131.62599pt.
</Users/kevin_smith/Desktop/FSU_Relevant_Stuff/fall_2023/FCM1/homework/programming/hw3/figures/n20/image6.png, id=43, 462.528pt x 346.896pt>
File: /Users/kevin_smith/Desktop/FSU_Relevant_Stuff/fall_2023/FCM1/homework/programming/hw3/figures/n20/image6.png Graphic file (type png)
<use /Users/kevin_smith/Desktop/FSU_Relevant_Stuff/fall_2023/FCM1/homework/programming/hw3/figures/n20/image6.png>
Package pdftex.def Info: /Users/kevin_smith/Desktop/FSU_Relevant_Stuff/fall_2023/FCM1/homework/programming/hw3/figures/n20/image6.png  used on input line 305.
(pdftex.def)             Requested size: 175.49881pt x 131.62599pt.
</Users/kevin_smith/Desktop/FSU_Relevant_Stuff/fall_2023/FCM1/homework/programming/hw3/figures/n200/image1.png, id=44, 462.528pt x 346.896pt>
File: /Users/kevin_smith/Desktop/FSU_Relevant_Stuff/fall_2023/FCM1/homework/programming/hw3/figures/n200/image1.png Graphic file (type png)
<use /Users/kevin_smith/Desktop/FSU_Relevant_Stuff/fall_2023/FCM1/homework/programming/hw3/figures/n200/image1.png>
Package pdftex.def Info: /Users/kevin_smith/Desktop/FSU_Relevant_Stuff/fall_2023/FCM1/homework/programming/hw3/figures/n200/image1.png  used on input line 318.
(pdftex.def)             Requested size: 175.49881pt x 131.62599pt.
</Users/kevin_smith/Desktop/FSU_Relevant_Stuff/fall_2023/FCM1/homework/programming/hw3/figures/n200/image2.png, id=45, 462.528pt x 346.896pt>
File: /Users/kevin_smith/Desktop/FSU_Relevant_Stuff/fall_2023/FCM1/homework/programming/hw3/figures/n200/image2.png Graphic file (type png)
<use /Users/kevin_smith/Desktop/FSU_Relevant_Stuff/fall_2023/FCM1/homework/programming/hw3/figures/n200/image2.png>
Package pdftex.def Info: /Users/kevin_smith/Desktop/FSU_Relevant_Stuff/fall_2023/FCM1/homework/programming/hw3/figures/n200/image2.png  used on input line 318.
(pdftex.def)             Requested size: 175.49881pt x 131.62599pt.
</Users/kevin_smith/Desktop/FSU_Relevant_Stuff/fall_2023/FCM1/homework/programming/hw3/figures/n200/image3.png, id=46, 462.528pt x 346.896pt>
File: /Users/kevin_smith/Desktop/FSU_Relevant_Stuff/fall_2023/FCM1/homework/programming/hw3/figures/n200/image3.png Graphic file (type png)
<use /Users/kevin_smith/Desktop/FSU_Relevant_Stuff/fall_2023/FCM1/homework/programming/hw3/figures/n200/image3.png>
Package pdftex.def Info: /Users/kevin_smith/Desktop/FSU_Relevant_Stuff/fall_2023/FCM1/homework/programming/hw3/figures/n200/image3.png  used on input line 318.
(pdftex.def)             Requested size: 175.49881pt x 131.62599pt.
</Users/kevin_smith/Desktop/FSU_Relevant_Stuff/fall_2023/FCM1/homework/programming/hw3/figures/n200/image4.png, id=47, 462.528pt x 346.896pt>
File: /Users/kevin_smith/Desktop/FSU_Relevant_Stuff/fall_2023/FCM1/homework/programming/hw3/figures/n200/image4.png Graphic file (type png)
<use /Users/kevin_smith/Desktop/FSU_Relevant_Stuff/fall_2023/FCM1/homework/programming/hw3/figures/n200/image4.png>
Package pdftex.def Info: /Users/kevin_smith/Desktop/FSU_Relevant_Stuff/fall_2023/FCM1/homework/programming/hw3/figures/n200/image4.png  used on input line 318.
(pdftex.def)             Requested size: 175.49881pt x 131.62599pt.
</Users/kevin_smith/Desktop/FSU_Relevant_Stuff/fall_2023/FCM1/homework/programming/hw3/figures/n200/image5.png, id=48, 462.528pt x 346.896pt>
File: /Users/kevin_smith/Desktop/FSU_Relevant_Stuff/fall_2023/FCM1/homework/programming/hw3/figures/n200/image5.png Graphic file (type png)
<use /Users/kevin_smith/Desktop/FSU_Relevant_Stuff/fall_2023/FCM1/homework/programming/hw3/figures/n200/image5.png>
Package pdftex.def Info: /Users/kevin_smith/Desktop/FSU_Relevant_Stuff/fall_2023/FCM1/homework/programming/hw3/figures/n200/image5.png  used on input line 318.
(pdftex.def)             Requested size: 175.49881pt x 131.62599pt.
</Users/kevin_smith/Desktop/FSU_Relevant_Stuff/fall_2023/FCM1/homework/programming/hw3/figures/n200/image6.png, id=49, 462.528pt x 346.896pt>
File: /Users/kevin_smith/Desktop/FSU_Relevant_Stuff/fall_2023/FCM1/homework/programming/hw3/figures/n200/image6.png Graphic file (type png)
<use /Users/kevin_smith/Desktop/FSU_Relevant_Stuff/fall_2023/FCM1/homework/programming/hw3/figures/n200/image6.png>
Package pdftex.def Info: /Users/kevin_smith/Desktop/FSU_Relevant_Stuff/fall_2023/FCM1/homework/programming/hw3/figures/n200/image6.png  used on input line 318.
(pdftex.def)             Requested size: 175.49881pt x 131.62599pt.
[9

] [10 </Users/kevin_smith/Desktop/FSU_Relevant_Stuff/fall_2023/FCM1/homework/programming/hw3/figures/n20/image1.png> </Users/kevin_smith/Desktop/FSU_Relevant_Stuff/fall_2023/FCM1/homework/programming/hw3/figures/n20/image2.png> </Users/kevin_smith/Desktop/FSU_Relevant_Stuff/fall_2023/FCM1/homework/programming/hw3/figures/n20/image3.png> </Users/kevin_smith/Desktop/FSU_Relevant_Stuff/fall_2023/FCM1/homework/programming/hw3/figures/n20/image4.png> </Users/kevin_smith/Desktop/FSU_Relevant_Stuff/fall_2023/FCM1/homework/programming/hw3/figures/n20/image5.png> </Users/kevin_smith/Desktop/FSU_Relevant_Stuff/fall_2023/FCM1/homework/programming/hw3/figures/n20/image6.png>] [11 </Users/kevin_smith/Desktop/FSU_Relevant_Stuff/fall_2023/FCM1/homework/programming/hw3/figures/n200/image1.png> </Users/kevin_smith/Desktop/FSU_Relevant_Stuff/fall_2023/FCM1/homework/programming/hw3/figures/n200/image2.png> </Users/kevin_smith/Desktop/FSU_Relevant_Stuff/fall_2023/FCM1/homework/programming/hw3/figures/n200/image3.png> </Users/kevin_smith/Desktop/FSU_Relevant_Stuff/fall_2023/FCM1/homework/programming/hw3/figures/n200/image4.png> </Users/kevin_smith/Desktop/FSU_Relevant_Stuff/fall_2023/FCM1/homework/programming/hw3/figures/n200/image5.png> </Users/kevin_smith/Desktop/FSU_Relevant_Stuff/fall_2023/FCM1/homework/programming/hw3/figures/n200/image6.png>] (./report.aux)

LaTeX Warning: There were multiply-defined labels.

 ) 
Here is how much of TeX's memory you used:
 8846 strings out of 478268
 179826 string characters out of 5846348
 472272 words of memory out of 5000000
 26956 multiletter control sequences out of 15000+600000
 479907 words of font info for 69 fonts, out of 8000000 for 9000
 1141 hyphenation exceptions out of 8191
 67i,14n,77p,755b,564s stack positions out of 10000i,1000n,20000p,200000b,200000s
{/usr/local/texlive/2022/texmf-dist/fonts/enc/dvips/cm-super/cm-super-ts1.enc}</usr/local/texlive/2022/texmf-dist/fonts/type1/public/amsfonts/cm/cmbx12.pfb></usr/local/texlive/2022/texmf-dist/fonts/type1/public/amsfonts/cm/cmex10.pfb></usr/local/texlive/2022/texmf-dist/fonts/type1/public/amsfonts/cm/cmmi10.pfb></usr/local/texlive/2022/texmf-dist/fonts/type1/public/amsfonts/cm/cmmi12.pfb></usr/local/texlive/2022/texmf-dist/fonts/type1/public/amsfonts/cm/cmmi8.pfb></usr/local/texlive/2022/texmf-dist/fonts/type1/public/amsfonts/cm/cmr10.pfb></usr/local/texlive/2022/texmf-dist/fonts/type1/public/amsfonts/cm/cmr12.pfb></usr/local/texlive/2022/texmf-dist/fonts/type1/public/amsfonts/cm/cmr17.pfb></usr/local/texlive/2022/texmf-dist/fonts/type1/public/amsfonts/cm/cmr8.pfb></usr/local/texlive/2022/texmf-dist/fonts/type1/public/amsfonts/cm/cmsy10.pfb></usr/local/texlive/2022/texmf-dist/fonts/type1/public/cm-super/sfrm1200.pfb>
Output written on report.pdf (11 pages, 1144430 bytes).
PDF statistics:
 121 PDF objects out of 1000 (max. 8388607)
 61 compressed objects within 1 object stream
 0 named destinations out of 1000 (max. 500000)
 61 words of extra memory for PDF output out of 10000 (max. 10000000)

